<?xml version="1.0" encoding="UTF-8"?>
<testsuite xmlns:xsi="http://www.w3.org/2001/XMLSchema-instance" xsi:noNamespaceSchemaLocation="https://maven.apache.org/surefire/maven-surefire-plugin/xsd/surefire-test-report.xsd" name="com.nagarro.devop.devopAssignment.DevopAssignmentApplicationTests" time="5.133" tests="1" errors="0" skipped="0" failures="0">
  <properties>
    <property name="sun.desktop" value="windows"/>
    <property name="awt.toolkit" value="sun.awt.windows.WToolkit"/>
    <property name="java.specification.version" value="11"/>
    <property name="sun.cpu.isalist" value="amd64"/>
    <property name="sun.jnu.encoding" value="Cp1252"/>
    <property name="java.class.path" value="C:\Users\sarthakdixit\Downloads\devopAssignment\devopAssignment\target\test-classes;C:\Users\sarthakdixit\Downloads\devopAssignment\devopAssignment\target\classes;C:\Users\sarthakdixit\.m2\repository\org\springframework\boot\spring-boot-starter-web\2.7.12-SNAPSHOT\spring-boot-starter-web-2.7.12-SNAPSHOT.jar;C:\Users\sarthakdixit\.m2\repository\org\springframework\boot\spring-boot-starter\2.7.12-SNAPSHOT\spring-boot-starter-2.7.12-SNAPSHOT.jar;C:\Users\sarthakdixit\.m2\repository\org\springframework\boot\spring-boot-starter-logging\2.7.12-SNAPSHOT\spring-boot-starter-logging-2.7.12-SNAPSHOT.jar;C:\Users\sarthakdixit\.m2\repository\ch\qos\logback\logback-classic\1.2.12\logback-classic-1.2.12.jar;C:\Users\sarthakdixit\.m2\repository\ch\qos\logback\logback-core\1.2.12\logback-core-1.2.12.jar;C:\Users\sarthakdixit\.m2\repository\org\apache\logging\log4j\log4j-to-slf4j\2.17.2\log4j-to-slf4j-2.17.2.jar;C:\Users\sarthakdixit\.m2\repository\org\apache\logging\log4j\log4j-api\2.17.2\log4j-api-2.17.2.jar;C:\Users\sarthakdixit\.m2\repository\org\slf4j\jul-to-slf4j\1.7.36\jul-to-slf4j-1.7.36.jar;C:\Users\sarthakdixit\.m2\repository\jakarta\annotation\jakarta.annotation-api\1.3.5\jakarta.annotation-api-1.3.5.jar;C:\Users\sarthakdixit\.m2\repository\org\yaml\snakeyaml\1.30\snakeyaml-1.30.jar;C:\Users\sarthakdixit\.m2\repository\org\springframework\boot\spring-boot-starter-json\2.7.12-SNAPSHOT\spring-boot-starter-json-2.7.12-SNAPSHOT.jar;C:\Users\sarthakdixit\.m2\repository\com\fasterxml\jackson\core\jackson-databind\2.13.5\jackson-databind-2.13.5.jar;C:\Users\sarthakdixit\.m2\repository\com\fasterxml\jackson\core\jackson-annotations\2.13.5\jackson-annotations-2.13.5.jar;C:\Users\sarthakdixit\.m2\repository\com\fasterxml\jackson\core\jackson-core\2.13.5\jackson-core-2.13.5.jar;C:\Users\sarthakdixit\.m2\repository\com\fasterxml\jackson\datatype\jackson-datatype-jdk8\2.13.5\jackson-datatype-jdk8-2.13.5.jar;C:\Users\sarthakdixit\.m2\repository\com\fasterxml\jackson\datatype\jackson-datatype-jsr310\2.13.5\jackson-datatype-jsr310-2.13.5.jar;C:\Users\sarthakdixit\.m2\repository\com\fasterxml\jackson\module\jackson-module-parameter-names\2.13.5\jackson-module-parameter-names-2.13.5.jar;C:\Users\sarthakdixit\.m2\repository\org\springframework\boot\spring-boot-starter-tomcat\2.7.12-SNAPSHOT\spring-boot-starter-tomcat-2.7.12-SNAPSHOT.jar;C:\Users\sarthakdixit\.m2\repository\org\apache\tomcat\embed\tomcat-embed-core\9.0.74\tomcat-embed-core-9.0.74.jar;C:\Users\sarthakdixit\.m2\repository\org\apache\tomcat\embed\tomcat-embed-el\9.0.74\tomcat-embed-el-9.0.74.jar;C:\Users\sarthakdixit\.m2\repository\org\apache\tomcat\embed\tomcat-embed-websocket\9.0.74\tomcat-embed-websocket-9.0.74.jar;C:\Users\sarthakdixit\.m2\repository\org\springframework\spring-web\5.3.28-SNAPSHOT\spring-web-5.3.28-SNAPSHOT.jar;C:\Users\sarthakdixit\.m2\repository\org\springframework\spring-beans\5.3.28-SNAPSHOT\spring-beans-5.3.28-SNAPSHOT.jar;C:\Users\sarthakdixit\.m2\repository\org\springframework\spring-webmvc\5.3.28-SNAPSHOT\spring-webmvc-5.3.28-SNAPSHOT.jar;C:\Users\sarthakdixit\.m2\repository\org\springframework\spring-aop\5.3.28-SNAPSHOT\spring-aop-5.3.28-SNAPSHOT.jar;C:\Users\sarthakdixit\.m2\repository\org\springframework\spring-context\5.3.28-SNAPSHOT\spring-context-5.3.28-SNAPSHOT.jar;C:\Users\sarthakdixit\.m2\repository\org\springframework\spring-expression\5.3.28-SNAPSHOT\spring-expression-5.3.28-SNAPSHOT.jar;C:\Users\sarthakdixit\.m2\repository\org\springframework\boot\spring-boot-devtools\2.7.12-SNAPSHOT\spring-boot-devtools-2.7.12-SNAPSHOT.jar;C:\Users\sarthakdixit\.m2\repository\org\springframework\boot\spring-boot\2.7.12-SNAPSHOT\spring-boot-2.7.12-SNAPSHOT.jar;C:\Users\sarthakdixit\.m2\repository\org\springframework\boot\spring-boot-autoconfigure\2.7.12-SNAPSHOT\spring-boot-autoconfigure-2.7.12-SNAPSHOT.jar;C:\Users\sarthakdixit\.m2\repository\org\springframework\boot\spring-boot-starter-test\2.7.12-SNAPSHOT\spring-boot-starter-test-2.7.12-SNAPSHOT.jar;C:\Users\sarthakdixit\.m2\repository\org\springframework\boot\spring-boot-test\2.7.12-SNAPSHOT\spring-boot-test-2.7.12-SNAPSHOT.jar;C:\Users\sarthakdixit\.m2\repository\org\springframework\boot\spring-boot-test-autoconfigure\2.7.12-SNAPSHOT\spring-boot-test-autoconfigure-2.7.12-SNAPSHOT.jar;C:\Users\sarthakdixit\.m2\repository\com\jayway\jsonpath\json-path\2.7.0\json-path-2.7.0.jar;C:\Users\sarthakdixit\.m2\repository\net\minidev\json-smart\2.4.10\json-smart-2.4.10.jar;C:\Users\sarthakdixit\.m2\repository\net\minidev\accessors-smart\2.4.9\accessors-smart-2.4.9.jar;C:\Users\sarthakdixit\.m2\repository\org\ow2\asm\asm\9.3\asm-9.3.jar;C:\Users\sarthakdixit\.m2\repository\org\slf4j\slf4j-api\1.7.36\slf4j-api-1.7.36.jar;C:\Users\sarthakdixit\.m2\repository\jakarta\xml\bind\jakarta.xml.bind-api\2.3.3\jakarta.xml.bind-api-2.3.3.jar;C:\Users\sarthakdixit\.m2\repository\jakarta\activation\jakarta.activation-api\1.2.2\jakarta.activation-api-1.2.2.jar;C:\Users\sarthakdixit\.m2\repository\org\assertj\assertj-core\3.22.0\assertj-core-3.22.0.jar;C:\Users\sarthakdixit\.m2\repository\org\hamcrest\hamcrest\2.2\hamcrest-2.2.jar;C:\Users\sarthakdixit\.m2\repository\org\junit\jupiter\junit-jupiter\5.8.2\junit-jupiter-5.8.2.jar;C:\Users\sarthakdixit\.m2\repository\org\junit\jupiter\junit-jupiter-api\5.8.2\junit-jupiter-api-5.8.2.jar;C:\Users\sarthakdixit\.m2\repository\org\opentest4j\opentest4j\1.2.0\opentest4j-1.2.0.jar;C:\Users\sarthakdixit\.m2\repository\org\junit\platform\junit-platform-commons\1.8.2\junit-platform-commons-1.8.2.jar;C:\Users\sarthakdixit\.m2\repository\org\apiguardian\apiguardian-api\1.1.2\apiguardian-api-1.1.2.jar;C:\Users\sarthakdixit\.m2\repository\org\junit\jupiter\junit-jupiter-params\5.8.2\junit-jupiter-params-5.8.2.jar;C:\Users\sarthakdixit\.m2\repository\org\junit\jupiter\junit-jupiter-engine\5.8.2\junit-jupiter-engine-5.8.2.jar;C:\Users\sarthakdixit\.m2\repository\org\junit\platform\junit-platform-engine\1.8.2\junit-platform-engine-1.8.2.jar;C:\Users\sarthakdixit\.m2\repository\org\mockito\mockito-core\4.5.1\mockito-core-4.5.1.jar;C:\Users\sarthakdixit\.m2\repository\net\bytebuddy\byte-buddy\1.12.23\byte-buddy-1.12.23.jar;C:\Users\sarthakdixit\.m2\repository\net\bytebuddy\byte-buddy-agent\1.12.23\byte-buddy-agent-1.12.23.jar;C:\Users\sarthakdixit\.m2\repository\org\objenesis\objenesis\3.2\objenesis-3.2.jar;C:\Users\sarthakdixit\.m2\repository\org\mockito\mockito-junit-jupiter\4.5.1\mockito-junit-jupiter-4.5.1.jar;C:\Users\sarthakdixit\.m2\repository\org\skyscreamer\jsonassert\1.5.1\jsonassert-1.5.1.jar;C:\Users\sarthakdixit\.m2\repository\com\vaadin\external\google\android-json\0.0.20131108.vaadin1\android-json-0.0.20131108.vaadin1.jar;C:\Users\sarthakdixit\.m2\repository\org\springframework\spring-core\5.3.28-SNAPSHOT\spring-core-5.3.28-SNAPSHOT.jar;C:\Users\sarthakdixit\.m2\repository\org\springframework\spring-jcl\5.3.28-SNAPSHOT\spring-jcl-5.3.28-SNAPSHOT.jar;C:\Users\sarthakdixit\.m2\repository\org\springframework\spring-test\5.3.28-SNAPSHOT\spring-test-5.3.28-SNAPSHOT.jar;C:\Users\sarthakdixit\.m2\repository\org\xmlunit\xmlunit-core\2.9.1\xmlunit-core-2.9.1.jar;"/>
    <property name="java.vm.vendor" value="Oracle Corporation"/>
    <property name="sun.arch.data.model" value="64"/>
    <property name="user.variant" value=""/>
    <property name="java.vendor.url" value="http://java.oracle.com/"/>
    <property name="user.timezone" value="Asia/Calcutta"/>
    <property name="java.vm.specification.version" value="11"/>
    <property name="os.name" value="Windows 10"/>
    <property name="sun.java.launcher" value="SUN_STANDARD"/>
    <property name="user.country" value="IN"/>
    <property name="sun.boot.library.path" value="C:\.Net &amp; Java Software\Open JKD -11\bin"/>
    <property name="sun.java.command" value="C:\Users\SARTHA~1\AppData\Local\Temp\surefire10170692443833649961\surefirebooter9634116914772442749.jar C:\Users\sarthakdixit\AppData\Local\Temp\surefire10170692443833649961 2023-05-06T00-05-39_935-jvmRun1 surefire15091649131805779738tmp surefire_0901926865388178084tmp"/>
    <property name="jdk.debug" value="release"/>
    <property name="surefire.test.class.path" value="C:\Users\sarthakdixit\Downloads\devopAssignment\devopAssignment\target\test-classes;C:\Users\sarthakdixit\Downloads\devopAssignment\devopAssignment\target\classes;C:\Users\sarthakdixit\.m2\repository\org\springframework\boot\spring-boot-starter-web\2.7.12-SNAPSHOT\spring-boot-starter-web-2.7.12-SNAPSHOT.jar;C:\Users\sarthakdixit\.m2\repository\org\springframework\boot\spring-boot-starter\2.7.12-SNAPSHOT\spring-boot-starter-2.7.12-SNAPSHOT.jar;C:\Users\sarthakdixit\.m2\repository\org\springframework\boot\spring-boot-starter-logging\2.7.12-SNAPSHOT\spring-boot-starter-logging-2.7.12-SNAPSHOT.jar;C:\Users\sarthakdixit\.m2\repository\ch\qos\logback\logback-classic\1.2.12\logback-classic-1.2.12.jar;C:\Users\sarthakdixit\.m2\repository\ch\qos\logback\logback-core\1.2.12\logback-core-1.2.12.jar;C:\Users\sarthakdixit\.m2\repository\org\apache\logging\log4j\log4j-to-slf4j\2.17.2\log4j-to-slf4j-2.17.2.jar;C:\Users\sarthakdixit\.m2\repository\org\apache\logging\log4j\log4j-api\2.17.2\log4j-api-2.17.2.jar;C:\Users\sarthakdixit\.m2\repository\org\slf4j\jul-to-slf4j\1.7.36\jul-to-slf4j-1.7.36.jar;C:\Users\sarthakdixit\.m2\repository\jakarta\annotation\jakarta.annotation-api\1.3.5\jakarta.annotation-api-1.3.5.jar;C:\Users\sarthakdixit\.m2\repository\org\yaml\snakeyaml\1.30\snakeyaml-1.30.jar;C:\Users\sarthakdixit\.m2\repository\org\springframework\boot\spring-boot-starter-json\2.7.12-SNAPSHOT\spring-boot-starter-json-2.7.12-SNAPSHOT.jar;C:\Users\sarthakdixit\.m2\repository\com\fasterxml\jackson\core\jackson-databind\2.13.5\jackson-databind-2.13.5.jar;C:\Users\sarthakdixit\.m2\repository\com\fasterxml\jackson\core\jackson-annotations\2.13.5\jackson-annotations-2.13.5.jar;C:\Users\sarthakdixit\.m2\repository\com\fasterxml\jackson\core\jackson-core\2.13.5\jackson-core-2.13.5.jar;C:\Users\sarthakdixit\.m2\repository\com\fasterxml\jackson\datatype\jackson-datatype-jdk8\2.13.5\jackson-datatype-jdk8-2.13.5.jar;C:\Users\sarthakdixit\.m2\repository\com\fasterxml\jackson\datatype\jackson-datatype-jsr310\2.13.5\jackson-datatype-jsr310-2.13.5.jar;C:\Users\sarthakdixit\.m2\repository\com\fasterxml\jackson\module\jackson-module-parameter-names\2.13.5\jackson-module-parameter-names-2.13.5.jar;C:\Users\sarthakdixit\.m2\repository\org\springframework\boot\spring-boot-starter-tomcat\2.7.12-SNAPSHOT\spring-boot-starter-tomcat-2.7.12-SNAPSHOT.jar;C:\Users\sarthakdixit\.m2\repository\org\apache\tomcat\embed\tomcat-embed-core\9.0.74\tomcat-embed-core-9.0.74.jar;C:\Users\sarthakdixit\.m2\repository\org\apache\tomcat\embed\tomcat-embed-el\9.0.74\tomcat-embed-el-9.0.74.jar;C:\Users\sarthakdixit\.m2\repository\org\apache\tomcat\embed\tomcat-embed-websocket\9.0.74\tomcat-embed-websocket-9.0.74.jar;C:\Users\sarthakdixit\.m2\repository\org\springframework\spring-web\5.3.28-SNAPSHOT\spring-web-5.3.28-SNAPSHOT.jar;C:\Users\sarthakdixit\.m2\repository\org\springframework\spring-beans\5.3.28-SNAPSHOT\spring-beans-5.3.28-SNAPSHOT.jar;C:\Users\sarthakdixit\.m2\repository\org\springframework\spring-webmvc\5.3.28-SNAPSHOT\spring-webmvc-5.3.28-SNAPSHOT.jar;C:\Users\sarthakdixit\.m2\repository\org\springframework\spring-aop\5.3.28-SNAPSHOT\spring-aop-5.3.28-SNAPSHOT.jar;C:\Users\sarthakdixit\.m2\repository\org\springframework\spring-context\5.3.28-SNAPSHOT\spring-context-5.3.28-SNAPSHOT.jar;C:\Users\sarthakdixit\.m2\repository\org\springframework\spring-expression\5.3.28-SNAPSHOT\spring-expression-5.3.28-SNAPSHOT.jar;C:\Users\sarthakdixit\.m2\repository\org\springframework\boot\spring-boot-devtools\2.7.12-SNAPSHOT\spring-boot-devtools-2.7.12-SNAPSHOT.jar;C:\Users\sarthakdixit\.m2\repository\org\springframework\boot\spring-boot\2.7.12-SNAPSHOT\spring-boot-2.7.12-SNAPSHOT.jar;C:\Users\sarthakdixit\.m2\repository\org\springframework\boot\spring-boot-autoconfigure\2.7.12-SNAPSHOT\spring-boot-autoconfigure-2.7.12-SNAPSHOT.jar;C:\Users\sarthakdixit\.m2\repository\org\springframework\boot\spring-boot-starter-test\2.7.12-SNAPSHOT\spring-boot-starter-test-2.7.12-SNAPSHOT.jar;C:\Users\sarthakdixit\.m2\repository\org\springframework\boot\spring-boot-test\2.7.12-SNAPSHOT\spring-boot-test-2.7.12-SNAPSHOT.jar;C:\Users\sarthakdixit\.m2\repository\org\springframework\boot\spring-boot-test-autoconfigure\2.7.12-SNAPSHOT\spring-boot-test-autoconfigure-2.7.12-SNAPSHOT.jar;C:\Users\sarthakdixit\.m2\repository\com\jayway\jsonpath\json-path\2.7.0\json-path-2.7.0.jar;C:\Users\sarthakdixit\.m2\repository\net\minidev\json-smart\2.4.10\json-smart-2.4.10.jar;C:\Users\sarthakdixit\.m2\repository\net\minidev\accessors-smart\2.4.9\accessors-smart-2.4.9.jar;C:\Users\sarthakdixit\.m2\repository\org\ow2\asm\asm\9.3\asm-9.3.jar;C:\Users\sarthakdixit\.m2\repository\org\slf4j\slf4j-api\1.7.36\slf4j-api-1.7.36.jar;C:\Users\sarthakdixit\.m2\repository\jakarta\xml\bind\jakarta.xml.bind-api\2.3.3\jakarta.xml.bind-api-2.3.3.jar;C:\Users\sarthakdixit\.m2\repository\jakarta\activation\jakarta.activation-api\1.2.2\jakarta.activation-api-1.2.2.jar;C:\Users\sarthakdixit\.m2\repository\org\assertj\assertj-core\3.22.0\assertj-core-3.22.0.jar;C:\Users\sarthakdixit\.m2\repository\org\hamcrest\hamcrest\2.2\hamcrest-2.2.jar;C:\Users\sarthakdixit\.m2\repository\org\junit\jupiter\junit-jupiter\5.8.2\junit-jupiter-5.8.2.jar;C:\Users\sarthakdixit\.m2\repository\org\junit\jupiter\junit-jupiter-api\5.8.2\junit-jupiter-api-5.8.2.jar;C:\Users\sarthakdixit\.m2\repository\org\opentest4j\opentest4j\1.2.0\opentest4j-1.2.0.jar;C:\Users\sarthakdixit\.m2\repository\org\junit\platform\junit-platform-commons\1.8.2\junit-platform-commons-1.8.2.jar;C:\Users\sarthakdixit\.m2\repository\org\apiguardian\apiguardian-api\1.1.2\apiguardian-api-1.1.2.jar;C:\Users\sarthakdixit\.m2\repository\org\junit\jupiter\junit-jupiter-params\5.8.2\junit-jupiter-params-5.8.2.jar;C:\Users\sarthakdixit\.m2\repository\org\junit\jupiter\junit-jupiter-engine\5.8.2\junit-jupiter-engine-5.8.2.jar;C:\Users\sarthakdixit\.m2\repository\org\junit\platform\junit-platform-engine\1.8.2\junit-platform-engine-1.8.2.jar;C:\Users\sarthakdixit\.m2\repository\org\mockito\mockito-core\4.5.1\mockito-core-4.5.1.jar;C:\Users\sarthakdixit\.m2\repository\net\bytebuddy\byte-buddy\1.12.23\byte-buddy-1.12.23.jar;C:\Users\sarthakdixit\.m2\repository\net\bytebuddy\byte-buddy-agent\1.12.23\byte-buddy-agent-1.12.23.jar;C:\Users\sarthakdixit\.m2\repository\org\objenesis\objenesis\3.2\objenesis-3.2.jar;C:\Users\sarthakdixit\.m2\repository\org\mockito\mockito-junit-jupiter\4.5.1\mockito-junit-jupiter-4.5.1.jar;C:\Users\sarthakdixit\.m2\repository\org\skyscreamer\jsonassert\1.5.1\jsonassert-1.5.1.jar;C:\Users\sarthakdixit\.m2\repository\com\vaadin\external\google\android-json\0.0.20131108.vaadin1\android-json-0.0.20131108.vaadin1.jar;C:\Users\sarthakdixit\.m2\repository\org\springframework\spring-core\5.3.28-SNAPSHOT\spring-core-5.3.28-SNAPSHOT.jar;C:\Users\sarthakdixit\.m2\repository\org\springframework\spring-jcl\5.3.28-SNAPSHOT\spring-jcl-5.3.28-SNAPSHOT.jar;C:\Users\sarthakdixit\.m2\repository\org\springframework\spring-test\5.3.28-SNAPSHOT\spring-test-5.3.28-SNAPSHOT.jar;C:\Users\sarthakdixit\.m2\repository\org\xmlunit\xmlunit-core\2.9.1\xmlunit-core-2.9.1.jar;"/>
    <property name="sun.cpu.endian" value="little"/>
    <property name="user.home" value="C:\Users\sarthakdixit"/>
    <property name="user.language" value="en"/>
    <property name="java.specification.vendor" value="Oracle Corporation"/>
    <property name="java.version.date" value="2018-10-16"/>
    <property name="java.home" value="C:\.Net &amp; Java Software\Open JKD -11"/>
    <property name="file.separator" value="\"/>
    <property name="basedir" value="C:\Users\sarthakdixit\Downloads\devopAssignment\devopAssignment"/>
    <property name="java.vm.compressedOopsMode" value="Zero based"/>
    <property name="line.separator" value="&#10;"/>
    <property name="java.specification.name" value="Java Platform API Specification"/>
    <property name="java.vm.specification.vendor" value="Oracle Corporation"/>
    <property name="java.awt.graphicsenv" value="sun.awt.Win32GraphicsEnvironment"/>
    <property name="surefire.real.class.path" value="C:\Users\SARTHA~1\AppData\Local\Temp\surefire10170692443833649961\surefirebooter9634116914772442749.jar"/>
    <property name="user.script" value=""/>
    <property name="sun.management.compiler" value="HotSpot 64-Bit Tiered Compilers"/>
    <property name="java.runtime.version" value="11.0.1+13"/>
    <property name="user.name" value="sarthakdixit"/>
    <property name="path.separator" value=";"/>
    <property name="os.version" value="10.0"/>
    <property name="java.runtime.name" value="OpenJDK Runtime Environment"/>
    <property name="file.encoding" value="Cp1252"/>
    <property name="java.vm.name" value="OpenJDK 64-Bit Server VM"/>
    <property name="java.vendor.version" value="18.9"/>
    <property name="localRepository" value="C:\Users\sarthakdixit\.m2\repository"/>
    <property name="java.vendor.url.bug" value="http://bugreport.java.com/bugreport/"/>
    <property name="java.io.tmpdir" value="C:\Users\SARTHA~1\AppData\Local\Temp\"/>
    <property name="java.version" value="11.0.1"/>
    <property name="user.dir" value="C:\Users\sarthakdixit\Downloads\devopAssignment\devopAssignment"/>
    <property name="os.arch" value="amd64"/>
    <property name="java.vm.specification.name" value="Java Virtual Machine Specification"/>
    <property name="java.awt.printerjob" value="sun.awt.windows.WPrinterJob"/>
    <property name="sun.os.patch.level" value=""/>
    <property name="java.library.path" value="C:\.Net &amp; Java Software\Open JKD -11\bin;C:\WINDOWS\Sun\Java\bin;C:\WINDOWS\system32;C:\WINDOWS;C:/.Net &amp; Java Software/Open JKD -11/bin/server;C:/.Net &amp; Java Software/Open JKD -11/bin;C:\Windows\system32;C:\Windows;C:\Windows\System32\Wbem;C:\Windows\System32\WindowsPowerShell\v1.0\;C:\Windows\System32\OpenSSH\;C:\Program Files\TortoiseSVN\bin;C:\Program Files\dotnet\;C:\.Net &amp; Java Software\Open JKD -11\bin;C:\Program Files\Microsoft SQL Server\130\Tools\Binn\;C:\Program Files\Microsoft SQL Server\Client SDK\ODBC\170\Tools\Binn\;C:\Program Files\Git\cmd;C:\Program Files (x86)\Microsoft SQL Server\150\DTS\Binn\;C:\Program Files\Azure Data Studio\bin;C:\Program Files (x86)\Microsoft SQL Server\140\Tools\Binn\;C:\Program Files\Microsoft SQL Server\140\Tools\Binn\;C:\Program Files (x86)\Microsoft SQL Server\140\DTS\Binn\;C:\Program Files\Microsoft SQL Server\140\DTS\Binn\;C:\Program Files\Microsoft SQL Server\Client SDK\ODBC\130\Tools\Binn\;C:\Users\sarthakdixit\Downloads\apache-ant-1.10.12-bin\apache-ant-1.10.12\bin;C:\WINDOWS\system32;C:\WINDOWS;C:\WINDOWS\System32\Wbem;C:\WINDOWS\System32\WindowsPowerShell\v1.0\;C:\WINDOWS\System32\OpenSSH\;C:\Program Files\RedHat\java-11-openjdk-11.0.16-2\bin;C:\Program Files\nodejs\;D:\Sonar\sonarqube-9.6.1.59531\bin\windows-x86-64;C:\.Net &amp; Java Software\apache-maven-3.6.3-bin\apache-maven-3.6.3\bin;C:\Program Files\Kubernetes\Minikube;C:\Users\sarthakdixit\AppData\Local\Microsoft\WindowsApps;C:\Users\sarthakdixit\.dotnet\tools;C:\Program Files\Azure Data Studio\bin;C:\Users\sarthakdixit\AppData\Local\Programs\Microsoft VS Code\bin;C:\Users\sarthakdixit\Downloads\apache-ant-1.10.12-bin\apache-ant-1.10.12\bin;C:\Users\sarthakdixit\AppData\Roaming\npm;C:\.Net &amp; Java Software\eclipse-jee-photon-R-win32-x86_64\eclipse;;."/>
    <property name="java.vendor" value="Oracle Corporation"/>
    <property name="java.vm.info" value="mixed mode"/>
    <property name="java.vm.version" value="11.0.1+13"/>
    <property name="sun.io.unicode.encoding" value="UnicodeLittle"/>
    <property name="java.class.version" value="55.0"/>
  </properties>
  <testcase name="contextLoads" classname="com.nagarro.devop.devopAssignment.DevopAssignmentApplicationTests" time="0.667"/>
</testsuite>